2025-07-22 17:36:20,365 INFO supervisord started with pid 1
2025-07-22 17:36:21,369 INFO spawned: 'nginx' with pid 7
2025-07-22 17:36:21,372 INFO spawned: 'php-fpm' with pid 8
2025-07-22 17:36:21,378 WARN exited: nginx (exit status 1; not expected)
2025-07-22 17:36:22,404 INFO spawned: 'nginx' with pid 11
2025-07-22 17:36:22,405 INFO success: php-fpm entered RUNNING state, process has stayed up for > than 1 seconds (startsecs)
2025-07-22 17:36:22,414 WARN exited: nginx (exit status 1; not expected)
2025-07-22 17:36:24,418 INFO spawned: 'nginx' with pid 12
2025-07-22 17:36:24,429 WARN exited: nginx (exit status 1; not expected)
2025-07-22 17:36:27,435 INFO spawned: 'nginx' with pid 13
2025-07-22 17:36:27,444 WARN exited: nginx (exit status 1; not expected)
2025-07-22 17:36:28,446 INFO gave up: nginx entered FATAL state, too many start retries too quickly
2025-07-22 18:02:57,933 WARN received SIGQUIT indicating exit request
2025-07-22 18:02:57,934 INFO waiting for php-fpm to die
2025-07-22 18:02:57,943 INFO stopped: php-fpm (exit status 0)
2025-07-22 18:03:04,484 INFO supervisord started with pid 1
2025-07-22 18:03:05,488 INFO spawned: 'nginx' with pid 7
2025-07-22 18:03:05,491 INFO spawned: 'php-fpm' with pid 8
2025-07-22 18:03:05,499 WARN exited: nginx (exit status 1; not expected)
2025-07-22 18:03:06,529 INFO spawned: 'nginx' with pid 11
2025-07-22 18:03:06,530 INFO success: php-fpm entered RUNNING state, process has stayed up for > than 1 seconds (startsecs)
2025-07-22 18:03:06,540 WARN exited: nginx (exit status 1; not expected)
2025-07-22 18:03:08,545 INFO spawned: 'nginx' with pid 12
2025-07-22 18:03:08,554 WARN exited: nginx (exit status 1; not expected)
2025-07-22 18:03:11,561 INFO spawned: 'nginx' with pid 13
2025-07-22 18:03:11,572 WARN exited: nginx (exit status 1; not expected)
2025-07-22 18:03:12,573 INFO gave up: nginx entered FATAL state, too many start retries too quickly
2025-07-22 18:07:40,868 WARN received SIGQUIT indicating exit request
2025-07-22 18:07:40,869 INFO waiting for php-fpm to die
2025-07-22 18:07:40,876 INFO stopped: php-fpm (exit status 0)
2025-07-22 18:08:01,152 INFO supervisord started with pid 1
2025-07-22 18:08:02,156 INFO spawned: 'nginx' with pid 7
2025-07-22 18:08:02,159 INFO spawned: 'php-fpm' with pid 8
2025-07-22 18:08:02,170 WARN exited: nginx (exit status 1; not expected)
2025-07-22 18:08:03,206 INFO spawned: 'nginx' with pid 11
2025-07-22 18:08:03,207 INFO success: php-fpm entered RUNNING state, process has stayed up for > than 1 seconds (startsecs)
2025-07-22 18:08:03,218 WARN exited: nginx (exit status 1; not expected)
2025-07-22 18:08:05,222 INFO spawned: 'nginx' with pid 12
2025-07-22 18:08:05,236 WARN exited: nginx (exit status 1; not expected)
2025-07-22 18:08:08,243 INFO spawned: 'nginx' with pid 13
2025-07-22 18:08:08,253 WARN exited: nginx (exit status 1; not expected)
2025-07-22 18:08:09,254 INFO gave up: nginx entered FATAL state, too many start retries too quickly
2025-07-22 18:09:42,949 WARN received SIGQUIT indicating exit request
2025-07-22 18:09:42,950 INFO waiting for php-fpm to die
2025-07-22 18:09:42,959 INFO stopped: php-fpm (exit status 0)
2025-07-22 18:09:48,290 INFO supervisord started with pid 1
2025-07-22 18:09:49,294 INFO spawned: 'nginx' with pid 7
2025-07-22 18:09:49,297 INFO spawned: 'php-fpm' with pid 8
2025-07-22 18:09:49,304 WARN exited: nginx (exit status 1; not expected)
2025-07-22 18:09:50,334 INFO spawned: 'nginx' with pid 11
2025-07-22 18:09:50,334 INFO success: php-fpm entered RUNNING state, process has stayed up for > than 1 seconds (startsecs)
2025-07-22 18:09:50,344 WARN exited: nginx (exit status 1; not expected)
2025-07-22 18:09:52,888 INFO spawned: 'nginx' with pid 12
2025-07-22 18:09:52,899 WARN exited: nginx (exit status 1; not expected)
2025-07-22 18:09:55,905 INFO spawned: 'nginx' with pid 13
2025-07-22 18:09:55,916 WARN exited: nginx (exit status 1; not expected)
2025-07-22 18:09:56,918 INFO gave up: nginx entered FATAL state, too many start retries too quickly
2025-07-22 21:41:48,110 WARN received SIGQUIT indicating exit request
2025-07-22 21:41:48,110 INFO waiting for php-fpm to die
2025-07-22 21:41:48,116 INFO stopped: php-fpm (exit status 0)
2025-07-22 21:41:54,256 INFO supervisord started with pid 1
2025-07-22 21:41:55,260 INFO spawned: 'nginx' with pid 7
2025-07-22 21:41:55,263 INFO spawned: 'php-fpm' with pid 8
2025-07-22 21:41:55,269 WARN exited: nginx (exit status 1; not expected)
2025-07-22 21:41:56,299 INFO spawned: 'nginx' with pid 11
2025-07-22 21:41:56,300 INFO success: php-fpm entered RUNNING state, process has stayed up for > than 1 seconds (startsecs)
2025-07-22 21:41:56,309 WARN exited: nginx (exit status 1; not expected)
2025-07-22 21:41:58,315 INFO spawned: 'nginx' with pid 12
2025-07-22 21:41:58,326 WARN exited: nginx (exit status 1; not expected)
2025-07-22 21:42:01,333 INFO spawned: 'nginx' with pid 13
2025-07-22 21:42:01,344 WARN exited: nginx (exit status 1; not expected)
2025-07-22 21:42:02,345 INFO gave up: nginx entered FATAL state, too many start retries too quickly
2025-07-22 21:42:13,357 WARN received SIGQUIT indicating exit request
2025-07-22 21:42:13,357 INFO waiting for php-fpm to die
2025-07-22 21:42:13,366 INFO stopped: php-fpm (exit status 0)
2025-07-22 21:49:01,850 INFO supervisord started with pid 1
2025-07-22 21:49:02,854 INFO spawned: 'nginx' with pid 7
2025-07-22 21:49:02,858 INFO spawned: 'php-fpm' with pid 8
2025-07-22 21:49:02,865 WARN exited: nginx (exit status 1; not expected)
2025-07-22 21:49:03,895 INFO spawned: 'nginx' with pid 11
2025-07-22 21:49:03,896 INFO success: php-fpm entered RUNNING state, process has stayed up for > than 1 seconds (startsecs)
2025-07-22 21:49:03,905 WARN exited: nginx (exit status 1; not expected)
2025-07-22 21:49:05,910 INFO spawned: 'nginx' with pid 12
2025-07-22 21:49:05,920 WARN exited: nginx (exit status 1; not expected)
2025-07-22 21:49:08,928 INFO spawned: 'nginx' with pid 13
2025-07-22 21:49:08,938 WARN exited: nginx (exit status 1; not expected)
2025-07-22 21:49:09,940 INFO gave up: nginx entered FATAL state, too many start retries too quickly
2025-07-23 09:10:46,250 WARN received SIGQUIT indicating exit request
2025-07-23 09:10:46,251 INFO waiting for php-fpm to die
2025-07-23 09:10:46,259 INFO stopped: php-fpm (exit status 0)
2025-07-23 09:10:57,378 INFO supervisord started with pid 1
2025-07-23 09:10:58,383 INFO spawned: 'nginx' with pid 7
2025-07-23 09:10:58,386 INFO spawned: 'php-fpm' with pid 8
2025-07-23 09:10:58,394 WARN exited: nginx (exit status 1; not expected)
2025-07-23 09:10:59,414 INFO spawned: 'nginx' with pid 11
2025-07-23 09:10:59,415 INFO success: php-fpm entered RUNNING state, process has stayed up for > than 1 seconds (startsecs)
2025-07-23 09:10:59,425 WARN exited: nginx (exit status 1; not expected)
2025-07-23 09:11:01,431 INFO spawned: 'nginx' with pid 12
2025-07-23 09:11:01,443 WARN exited: nginx (exit status 1; not expected)
2025-07-23 09:11:04,451 INFO spawned: 'nginx' with pid 13
2025-07-23 09:11:04,462 WARN exited: nginx (exit status 1; not expected)
2025-07-23 09:11:05,464 INFO gave up: nginx entered FATAL state, too many start retries too quickly
2025-07-23 10:36:21,784 WARN received SIGQUIT indicating exit request
2025-07-23 10:36:21,784 INFO waiting for php-fpm to die
2025-07-23 10:36:21,792 INFO stopped: php-fpm (exit status 0)
2025-07-23 10:36:26,793 INFO supervisord started with pid 1
2025-07-23 10:36:27,795 INFO spawned: 'nginx' with pid 7
2025-07-23 10:36:27,797 INFO spawned: 'php-fpm' with pid 8
2025-07-23 10:36:27,807 WARN exited: nginx (exit status 1; not expected)
2025-07-23 10:36:28,829 INFO spawned: 'nginx' with pid 11
2025-07-23 10:36:28,830 INFO success: php-fpm entered RUNNING state, process has stayed up for > than 1 seconds (startsecs)
2025-07-23 10:36:28,842 WARN exited: nginx (exit status 1; not expected)
2025-07-23 10:36:30,847 INFO spawned: 'nginx' with pid 12
2025-07-23 10:36:30,863 WARN exited: nginx (exit status 1; not expected)
2025-07-23 10:36:34,280 INFO spawned: 'nginx' with pid 13
2025-07-23 10:36:34,291 WARN exited: nginx (exit status 1; not expected)
2025-07-23 10:36:35,292 INFO gave up: nginx entered FATAL state, too many start retries too quickly
2025-07-23 10:37:34,357 WARN received SIGQUIT indicating exit request
2025-07-23 10:37:34,358 INFO waiting for php-fpm to die
2025-07-23 10:37:34,367 INFO stopped: php-fpm (exit status 0)
2025-07-23 10:37:39,534 INFO supervisord started with pid 1
2025-07-23 10:37:40,538 INFO spawned: 'nginx' with pid 7
2025-07-23 10:37:40,541 INFO spawned: 'php-fpm' with pid 8
2025-07-23 10:37:40,549 WARN exited: nginx (exit status 1; not expected)
2025-07-23 10:37:41,570 INFO spawned: 'nginx' with pid 11
2025-07-23 10:37:41,571 INFO success: php-fpm entered RUNNING state, process has stayed up for > than 1 seconds (startsecs)
2025-07-23 10:37:41,581 WARN exited: nginx (exit status 1; not expected)
2025-07-23 10:37:43,587 INFO spawned: 'nginx' with pid 12
2025-07-23 10:37:43,599 WARN exited: nginx (exit status 1; not expected)
2025-07-23 10:37:46,826 INFO spawned: 'nginx' with pid 13
2025-07-23 10:37:46,840 WARN exited: nginx (exit status 1; not expected)
2025-07-23 10:37:47,841 INFO gave up: nginx entered FATAL state, too many start retries too quickly
2025-07-23 12:13:53,727 INFO supervisord started with pid 1
2025-07-23 12:13:54,731 INFO spawned: 'nginx' with pid 7
2025-07-23 12:13:54,734 INFO spawned: 'php-fpm' with pid 8
2025-07-23 12:13:54,742 WARN exited: nginx (exit status 1; not expected)
2025-07-23 12:13:55,770 INFO spawned: 'nginx' with pid 11
2025-07-23 12:13:55,771 INFO success: php-fpm entered RUNNING state, process has stayed up for > than 1 seconds (startsecs)
2025-07-23 12:13:55,782 WARN exited: nginx (exit status 1; not expected)
2025-07-23 12:13:57,788 INFO spawned: 'nginx' with pid 12
2025-07-23 12:13:57,800 WARN exited: nginx (exit status 1; not expected)
2025-07-23 12:14:00,807 INFO spawned: 'nginx' with pid 13
2025-07-23 12:14:00,820 WARN exited: nginx (exit status 1; not expected)
2025-07-23 12:14:01,821 INFO gave up: nginx entered FATAL state, too many start retries too quickly
2025-07-23 14:24:26,612 WARN received SIGQUIT indicating exit request
2025-07-23 14:24:26,612 INFO waiting for php-fpm to die
2025-07-23 14:24:26,621 INFO stopped: php-fpm (exit status 0)
2025-07-23 14:24:49,529 INFO supervisord started with pid 1
2025-07-23 14:24:50,533 INFO spawned: 'nginx' with pid 7
2025-07-23 14:24:50,536 INFO spawned: 'php-fpm' with pid 8
2025-07-23 14:24:50,545 WARN exited: nginx (exit status 1; not expected)
2025-07-23 14:24:51,587 INFO spawned: 'nginx' with pid 11
2025-07-23 14:24:51,588 INFO success: php-fpm entered RUNNING state, process has stayed up for > than 1 seconds (startsecs)
2025-07-23 14:24:51,600 WARN exited: nginx (exit status 1; not expected)
2025-07-23 14:24:53,606 INFO spawned: 'nginx' with pid 12
2025-07-23 14:24:53,621 WARN exited: nginx (exit status 1; not expected)
2025-07-23 14:24:56,628 INFO spawned: 'nginx' with pid 13
2025-07-23 14:24:56,641 WARN exited: nginx (exit status 1; not expected)
2025-07-23 14:24:57,641 INFO gave up: nginx entered FATAL state, too many start retries too quickly
2025-07-23 14:30:55,025 WARN received SIGQUIT indicating exit request
2025-07-23 14:30:55,025 INFO waiting for php-fpm to die
2025-07-23 14:30:55,033 INFO stopped: php-fpm (exit status 0)
2025-07-23 14:30:59,514 INFO supervisord started with pid 1
2025-07-23 14:31:00,517 INFO spawned: 'nginx' with pid 7
2025-07-23 14:31:00,523 INFO spawned: 'php-fpm' with pid 8
2025-07-23 14:31:00,534 WARN exited: nginx (exit status 1; not expected)
2025-07-23 14:31:01,609 INFO spawned: 'nginx' with pid 11
2025-07-23 14:31:01,610 INFO success: php-fpm entered RUNNING state, process has stayed up for > than 1 seconds (startsecs)
2025-07-23 14:31:01,620 WARN exited: nginx (exit status 1; not expected)
2025-07-23 14:31:03,624 INFO spawned: 'nginx' with pid 12
2025-07-23 14:31:03,635 WARN exited: nginx (exit status 1; not expected)
2025-07-23 14:31:06,640 INFO spawned: 'nginx' with pid 13
2025-07-23 14:31:06,650 WARN exited: nginx (exit status 1; not expected)
2025-07-23 14:31:07,650 INFO gave up: nginx entered FATAL state, too many start retries too quickly
2025-07-23 14:42:33,407 WARN received SIGQUIT indicating exit request
2025-07-23 14:42:33,407 INFO waiting for php-fpm to die
2025-07-23 14:42:33,417 INFO stopped: php-fpm (exit status 0)
2025-07-23 14:42:47,296 INFO supervisord started with pid 1
2025-07-23 14:42:48,300 INFO spawned: 'nginx' with pid 7
2025-07-23 14:42:48,302 INFO spawned: 'php-fpm' with pid 8
2025-07-23 14:42:48,310 WARN exited: nginx (exit status 1; not expected)
2025-07-23 14:42:49,345 INFO spawned: 'nginx' with pid 11
2025-07-23 14:42:49,346 INFO success: php-fpm entered RUNNING state, process has stayed up for > than 1 seconds (startsecs)
2025-07-23 14:42:49,360 WARN exited: nginx (exit status 1; not expected)
2025-07-23 14:42:51,364 INFO spawned: 'nginx' with pid 12
2025-07-23 14:42:51,373 WARN exited: nginx (exit status 1; not expected)
2025-07-23 14:42:54,379 INFO spawned: 'nginx' with pid 13
2025-07-23 14:42:54,392 WARN exited: nginx (exit status 1; not expected)
2025-07-23 14:42:55,393 INFO gave up: nginx entered FATAL state, too many start retries too quickly
2025-07-23 20:12:05,596 WARN received SIGQUIT indicating exit request
2025-07-23 20:12:05,603 INFO waiting for php-fpm to die
2025-07-23 20:12:05,616 INFO stopped: php-fpm (exit status 0)
2025-07-24 12:19:31,175 INFO supervisord started with pid 1
2025-07-24 12:19:32,177 INFO spawned: 'nginx' with pid 7
2025-07-24 12:19:32,179 INFO spawned: 'php-fpm' with pid 8
2025-07-24 12:19:32,192 WARN exited: nginx (exit status 1; not expected)
2025-07-24 12:19:33,248 INFO spawned: 'nginx' with pid 11
2025-07-24 12:19:33,248 INFO success: php-fpm entered RUNNING state, process has stayed up for > than 1 seconds (startsecs)
2025-07-24 12:19:33,258 WARN exited: nginx (exit status 1; not expected)
2025-07-24 12:19:35,263 INFO spawned: 'nginx' with pid 12
2025-07-24 12:19:35,274 WARN exited: nginx (exit status 1; not expected)
2025-07-24 12:19:38,280 INFO spawned: 'nginx' with pid 13
2025-07-24 12:19:38,289 WARN exited: nginx (exit status 1; not expected)
2025-07-24 12:19:39,290 INFO gave up: nginx entered FATAL state, too many start retries too quickly
